Using pre-set license
Built from '2020.3/staging' branch; Version is '2020.3.11f1 (99c7afb366b3) revision 10078127'; Using compiler version '192528614'; Build Type 'Release'
OS: 'Windows 10 Pro; OS build 19042.1110; Version 2009; 64bit' Language: 'ko' Physical Memory: 8146 MB
BatchMode: 1, IsHumanControllingUs: 0, StartBugReporterOnCrash: 0, Is64bit: 1, IsPro: 0

 COMMAND LINE ARGUMENTS:
C:\Users\admin\Desktop\2020.3.13f1\Editor\Unity.exe
-adb2
-batchMode
-noUpm
-name
AssetImportWorker0
-projectPath
C:/Users/admin/Documents/GitHub/Mermaid-s-Secret/Mermaid's_Secret
-logFile
Logs/AssetImportWorker0.log
-srvPort
53393
Successfully changed project path to: C:/Users/admin/Documents/GitHub/Mermaid-s-Secret/Mermaid's_Secret
C:/Users/admin/Documents/GitHub/Mermaid-s-Secret/Mermaid's_Secret
Using Asset Import Pipeline V2.
Refreshing native plugins compatible for Editor in 47.21 ms, found 2 plugins.
Preloading 0 native plugins for Editor in 0.00 ms.
Initialize engine version: 2020.3.11f1 (99c7afb366b3)
[Subsystems] Discovering subsystems at path C:/Users/admin/Desktop/2020.3.13f1/Editor/Data/Resources/UnitySubsystems
[Subsystems] Discovering subsystems at path C:/Users/admin/Documents/GitHub/Mermaid-s-Secret/Mermaid's_Secret/Assets
GfxDevice: creating device client; threaded=0
Direct3D:
    Version:  Direct3D 11.0 [level 11.1]
    Renderer: NVIDIA GeForce GTX 1060 3GB (ID=0x1c02)
    Vendor:   
    VRAM:     2988 MB
    Driver:   27.21.14.5671
Initialize mono
Mono path[0] = 'C:/Users/admin/Desktop/2020.3.13f1/Editor/Data/Managed'
Mono path[1] = 'C:/Users/admin/Desktop/2020.3.13f1/Editor/Data/MonoBleedingEdge/lib/mono/unityjit'
Mono config path = 'C:/Users/admin/Desktop/2020.3.13f1/Editor/Data/MonoBleedingEdge/etc'
Using monoOptions --debugger-agent=transport=dt_socket,embedding=1,server=y,suspend=n,address=127.0.0.1:56864
Begin MonoManager ReloadAssembly
Registering precompiled unity dll's ...
Register platform support module: C:/Users/admin/Desktop/2020.3.13f1/Editor/Data/PlaybackEngines/WindowsStandaloneSupport/UnityEditor.WindowsStandalone.Extensions.dll
Registered in 0.003805 seconds.
Native extension for WindowsStandalone target not found
Refreshing native plugins compatible for Editor in 33.12 ms, found 2 plugins.
Preloading 0 native plugins for Editor in 0.00 ms.
Mono: successfully reloaded assembly
- Completed reload, in  1.676 seconds
Platform modules already initialized, skipping
Registering precompiled user dll's ...
Registered in 0.014211 seconds.
Begin MonoManager ReloadAssembly
Native extension for WindowsStandalone target not found
Refreshing native plugins compatible for Editor in 0.37 ms, found 2 plugins.
Preloading 0 native plugins for Editor in 0.00 ms.
Mono: successfully reloaded assembly
- Completed reload, in  1.016 seconds
Platform modules already initialized, skipping
========================================================================
Worker process is ready to serve import requests
Launched and connected shader compiler UnityShaderCompiler.exe after 0.06 seconds
Refreshing native plugins compatible for Editor in 0.40 ms, found 2 plugins.
Preloading 0 native plugins for Editor in 0.00 ms.
Unloading 1448 Unused Serialized files (Serialized files now loaded: 0)
System memory in use before: 70.8 MB.
System memory in use after: 70.8 MB.

Unloading 18 unused Assets to reduce memory usage. Loaded Objects now: 1884.
Total: 1.933300 ms (FindLiveObjects: 0.175100 ms CreateObjectMapping: 0.051900 ms MarkObjects: 1.623100 ms  DeleteObjects: 0.082200 ms)

========================================================================
Received Import Request.
  path: Assets/New Terrain.asset
  artifactKey: Guid(6bb0c88b7b51c394bab0fa36038baec9) Importer(815301076,1909f56bfc062723c751e8b465ee728b)
Start importing Assets/New Terrain.asset using Guid(6bb0c88b7b51c394bab0fa36038baec9) Importer(815301076,1909f56bfc062723c751e8b465ee728b)  -> (artifact id: '0718e8b38da1f37d91ee38dee685ec7a') in 0.083211 seconds
  Import took 0.085836 seconds .

========================================================================
Received Import Request.
  Time since last request: 0.000307 seconds.
  path: Assets/TerrainData_480dbd8f-8d03-4738-b5a9-265598410c8e.asset
  artifactKey: Guid(154188d3b8dc21245914646d9cce1dbf) Importer(815301076,1909f56bfc062723c751e8b465ee728b)
Start importing Assets/TerrainData_480dbd8f-8d03-4738-b5a9-265598410c8e.asset using Guid(154188d3b8dc21245914646d9cce1dbf) Importer(815301076,1909f56bfc062723c751e8b465ee728b)  -> (artifact id: '5e2919cdd33a6c6a49fc7361ead0d4bb') in 0.026855 seconds
  Import took 0.029489 seconds .

========================================================================
Received Import Request.
  Time since last request: 0.000313 seconds.
  path: Assets/TerrainData_6d682438-fb8b-4c33-937c-67a4f442a28e.asset
  artifactKey: Guid(a7b2b10b7b44a6b4692fc7773cd3c809) Importer(815301076,1909f56bfc062723c751e8b465ee728b)
Start importing Assets/TerrainData_6d682438-fb8b-4c33-937c-67a4f442a28e.asset using Guid(a7b2b10b7b44a6b4692fc7773cd3c809) Importer(815301076,1909f56bfc062723c751e8b465ee728b)  -> (artifact id: '60863726ed6f9c985b2a1cdeb7a52ac1') in 0.025959 seconds
  Import took 0.028621 seconds .

========================================================================
Received Import Request.
  Time since last request: 2112.349782 seconds.
  path: Assets/02.Scripts
  artifactKey: Guid(a1b5df5b0832e734ea65fb2ad2ab214c) Importer(815301076,1909f56bfc062723c751e8b465ee728b)
Start importing Assets/02.Scripts using Guid(a1b5df5b0832e734ea65fb2ad2ab214c) Importer(815301076,1909f56bfc062723c751e8b465ee728b)  -> (artifact id: '48ec04cfdeb4a3ee2b4e690a565981f7') in 0.012724 seconds
  Import took 0.017677 seconds .

========================================================================
Received Import Request.
  Time since last request: 0.001639 seconds.
  path: Assets/02.Scripts
  artifactKey: Guid(a1b5df5b0832e734ea65fb2ad2ab214c) Importer(815301076,1909f56bfc062723c751e8b465ee728b)
Start importing Assets/02.Scripts using Guid(a1b5df5b0832e734ea65fb2ad2ab214c) Importer(815301076,1909f56bfc062723c751e8b465ee728b)  -> (artifact id: '48ec04cfdeb4a3ee2b4e690a565981f7') in 0.006238 seconds
  Import took 0.010830 seconds .

========================================================================
Received Import Request.
  Time since last request: 7.010748 seconds.
  path: Assets/02.Scripts/Common
  artifactKey: Guid(4b4b8787cabd72b4cacf6b9b84cf74b9) Importer(815301076,1909f56bfc062723c751e8b465ee728b)
Start importing Assets/02.Scripts/Common using Guid(4b4b8787cabd72b4cacf6b9b84cf74b9) Importer(815301076,1909f56bfc062723c751e8b465ee728b)  -> (artifact id: 'c2bf855d34001f82cd5f286a3947db94') in 0.010695 seconds
  Import took 0.014322 seconds .

========================================================================
Received Import Request.
  Time since last request: 2.432789 seconds.
  path: Assets/02.Scripts/Common/PlayerCtrl.cs
  artifactKey: Guid(8c3906d4873bfc2439e5be54fca3d743) Importer(815301076,1909f56bfc062723c751e8b465ee728b)
Start importing Assets/02.Scripts/Common/PlayerCtrl.cs using Guid(8c3906d4873bfc2439e5be54fca3d743) Importer(815301076,1909f56bfc062723c751e8b465ee728b)  -> (artifact id: 'c293588d96ce77b0f073eeaa2cbb2b83') in 0.015794 seconds
  Import took 0.019058 seconds .

========================================================================
Received Import Request.
  Time since last request: 1.552772 seconds.
  path: Assets/02.Scripts/Common/PlayerCtrl.cs
  artifactKey: Guid(8c3906d4873bfc2439e5be54fca3d743) Importer(815301076,1909f56bfc062723c751e8b465ee728b)
Start importing Assets/02.Scripts/Common/PlayerCtrl.cs using Guid(8c3906d4873bfc2439e5be54fca3d743) Importer(815301076,1909f56bfc062723c751e8b465ee728b)  -> (artifact id: 'c293588d96ce77b0f073eeaa2cbb2b83') in 0.008456 seconds
  Import took 0.012340 seconds .

========================================================================
Received Import Request.
  Time since last request: 0.083428 seconds.
  path: Assets/02.Scripts/Common/GameManager.cs
  artifactKey: Guid(41625c6b98165a24e9381314bf7b2eae) Importer(815301076,1909f56bfc062723c751e8b465ee728b)
Start importing Assets/02.Scripts/Common/GameManager.cs using Guid(41625c6b98165a24e9381314bf7b2eae) Importer(815301076,1909f56bfc062723c751e8b465ee728b)  -> (artifact id: '20cb1bb9a0e277777f0dee7985a14232') in 0.014623 seconds
  Import took 0.019354 seconds .

========================================================================
Received Import Request.
  Time since last request: 2.944022 seconds.
  path: Assets/02.Scripts/YSG/PlayerAction.cs
  artifactKey: Guid(3c141dee087e4c64dad36862ebed0663) Importer(815301076,1909f56bfc062723c751e8b465ee728b)
Start importing Assets/02.Scripts/YSG/PlayerAction.cs using Guid(3c141dee087e4c64dad36862ebed0663) Importer(815301076,1909f56bfc062723c751e8b465ee728b)  -> (artifact id: 'af42f26632cd95fa29ddccfb0363de03') in 0.013719 seconds
  Import took 0.017764 seconds .

========================================================================
Received Prepare
Registering precompiled user dll's ...
Registered in 0.114113 seconds.
Begin MonoManager ReloadAssembly
Native extension for WindowsStandalone target not found
Refreshing native plugins compatible for Editor in 0.40 ms, found 2 plugins.
Preloading 0 native plugins for Editor in 0.00 ms.
Mono: successfully reloaded assembly
- Completed reload, in  1.070 seconds
Platform modules already initialized, skipping
Refreshing native plugins compatible for Editor in 0.45 ms, found 2 plugins.
Preloading 0 native plugins for Editor in 0.00 ms.
Unloading 1420 Unused Serialized files (Serialized files now loaded: 0)
System memory in use before: 69.3 MB.
System memory in use after: 68.9 MB.

Unloading 15 unused Assets to reduce memory usage. Loaded Objects now: 1890.
Total: 2.852100 ms (FindLiveObjects: 0.219000 ms CreateObjectMapping: 0.056700 ms MarkObjects: 2.022700 ms  DeleteObjects: 0.552600 ms)

========================================================================
Received Import Request.
  Time since last request: 28.918616 seconds.
  path: Assets/03.Prefabs/Common/Enemy.prefab
  artifactKey: Guid(cdef6f4d24a5d75479aad968f24f9588) Importer(815301076,1909f56bfc062723c751e8b465ee728b)
Start importing Assets/03.Prefabs/Common/Enemy.prefab using Guid(cdef6f4d24a5d75479aad968f24f9588) Importer(815301076,1909f56bfc062723c751e8b465ee728b)  -> (artifact id: 'b7671261b6613b8111a3700462ae4406') in 0.843666 seconds
  Import took 0.849249 seconds .

========================================================================
Received Import Request.
  Time since last request: 10.496443 seconds.
  path: Assets/01.Scenes/BJY/MainScene.unity
  artifactKey: Guid(58ba6fd762d01be40bd991b9f40f11e8) Importer(815301076,1909f56bfc062723c751e8b465ee728b)
Start importing Assets/01.Scenes/BJY/MainScene.unity using Guid(58ba6fd762d01be40bd991b9f40f11e8) Importer(815301076,1909f56bfc062723c751e8b465ee728b)  -> (artifact id: '9bf775978f3f3e8a9639a0ef12b77340') in 0.012553 seconds
  Import took 0.015719 seconds .

========================================================================
Received Import Request.
  Time since last request: 16.394144 seconds.
  path: Assets/01.Scenes/BJY/MainScene_20210801.unity
  artifactKey: Guid(58ba6fd762d01be40bd991b9f40f11e8) Importer(815301076,1909f56bfc062723c751e8b465ee728b)
Start importing Assets/01.Scenes/BJY/MainScene_20210801.unity using Guid(58ba6fd762d01be40bd991b9f40f11e8) Importer(815301076,1909f56bfc062723c751e8b465ee728b)  -> (artifact id: '6a15a2c04a407f84eea15bf5b56c94bf') in 0.010223 seconds
  Import took 0.014427 seconds .

========================================================================
Received Import Request.
  Time since last request: 13.816663 seconds.
  path: Assets/01.Scenes/BJY/MainScene.unity
  artifactKey: Guid(05a98fc3ec0a7cd4ab2d13f0345d213e) Importer(815301076,1909f56bfc062723c751e8b465ee728b)
Start importing Assets/01.Scenes/BJY/MainScene.unity using Guid(05a98fc3ec0a7cd4ab2d13f0345d213e) Importer(815301076,1909f56bfc062723c751e8b465ee728b)  -> (artifact id: '72b483fcfe1cd7b92cb37c704fecb601') in 0.007003 seconds
  Import took 0.009668 seconds .

========================================================================
Received Import Request.
  Time since last request: 7.845373 seconds.
  path: Assets/01.Scenes/BJY/MainScene_20210802.unity
  artifactKey: Guid(05a98fc3ec0a7cd4ab2d13f0345d213e) Importer(815301076,1909f56bfc062723c751e8b465ee728b)
Start importing Assets/01.Scenes/BJY/MainScene_20210802.unity using Guid(05a98fc3ec0a7cd4ab2d13f0345d213e) Importer(815301076,1909f56bfc062723c751e8b465ee728b)  -> (artifact id: '50c11268a11be72dca10ab7ef4e75b97') in 0.009941 seconds
  Import took 0.013660 seconds .

========================================================================
Received Import Request.
  Time since last request: 65.577288 seconds.
  path: Assets/04.Images/BJY
  artifactKey: Guid(88bb955cab7e3a94b966eb6eaffa7564) Importer(815301076,1909f56bfc062723c751e8b465ee728b)
Start importing Assets/04.Images/BJY using Guid(88bb955cab7e3a94b966eb6eaffa7564) Importer(815301076,1909f56bfc062723c751e8b465ee728b)  -> (artifact id: 'd1c1c4b59475a70cb963771c061b3cb7') in 0.009676 seconds
  Import took 0.012882 seconds .

========================================================================
Received Import Request.
  Time since last request: 21.232691 seconds.
  path: Assets/04.Images/BJY/포스터 예비용.png
  artifactKey: Guid(2af9f20eff6e2944bb0913fe7744b098) Importer(815301076,1909f56bfc062723c751e8b465ee728b)
Start importing Assets/04.Images/BJY/포스터 예비용.png using Guid(2af9f20eff6e2944bb0913fe7744b098) Importer(815301076,1909f56bfc062723c751e8b465ee728b)  -> (artifact id: 'c868164faad912bd129f4cad96c88e00') in 0.038026 seconds
  Import took 0.042138 seconds .

========================================================================
Received Import Request.
  Time since last request: 0.016044 seconds.
  path: Assets/04.Images/BJY/포스터 예비용.png
  artifactKey: Guid(2af9f20eff6e2944bb0913fe7744b098) Importer(815301076,1909f56bfc062723c751e8b465ee728b)
Start importing Assets/04.Images/BJY/포스터 예비용.png using Guid(2af9f20eff6e2944bb0913fe7744b098) Importer(815301076,1909f56bfc062723c751e8b465ee728b)  -> (artifact id: 'c868164faad912bd129f4cad96c88e00') in 0.027381 seconds
  Import took 0.031747 seconds .

========================================================================
Received Import Request.
  Time since last request: 6.408089 seconds.
  path: Assets/04.Images/BJY/포스터 예비용.png
  artifactKey: Guid(2af9f20eff6e2944bb0913fe7744b098) Importer(815301076,1909f56bfc062723c751e8b465ee728b)
Start importing Assets/04.Images/BJY/포스터 예비용.png using Guid(2af9f20eff6e2944bb0913fe7744b098) Importer(815301076,1909f56bfc062723c751e8b465ee728b)  -> (artifact id: 'bf9d949c8a6cc3cf975a8198b47a06f2') in 0.062352 seconds
  Import took 0.065792 seconds .

========================================================================
Received Import Request.
  Time since last request: 192.073805 seconds.
  path: Assets/03.Prefabs/Common/Player.prefab
  artifactKey: Guid(b018f62b78acec14fafdf4b5b2a6eb52) Importer(815301076,1909f56bfc062723c751e8b465ee728b)
Start importing Assets/03.Prefabs/Common/Player.prefab using Guid(b018f62b78acec14fafdf4b5b2a6eb52) Importer(815301076,1909f56bfc062723c751e8b465ee728b)  -> (artifact id: '95a6a22551367db80941e90274bdce1c') in 0.570232 seconds
  Import took 0.575989 seconds .

========================================================================
Received Import Request.
  Time since last request: 95.597211 seconds.
  path: Assets/01.Scenes/YSG/Island_20210802.unity
  artifactKey: Guid(e75ece7ea920e5d4e9c8a259bf7fb99a) Importer(815301076,1909f56bfc062723c751e8b465ee728b)
Start importing Assets/01.Scenes/YSG/Island_20210802.unity using Guid(e75ece7ea920e5d4e9c8a259bf7fb99a) Importer(815301076,1909f56bfc062723c751e8b465ee728b)  -> (artifact id: '5d3d57b31e50f53614ff5e1b4b14b883') in 0.024981 seconds
  Import took 0.029757 seconds .

========================================================================
Received Prepare
Registering precompiled user dll's ...
Registered in 0.008299 seconds.
Begin MonoManager ReloadAssembly
Native extension for WindowsStandalone target not found
Refreshing native plugins compatible for Editor in 0.46 ms, found 2 plugins.
Preloading 0 native plugins for Editor in 0.00 ms.
Mono: successfully reloaded assembly
- Completed reload, in  0.904 seconds
Platform modules already initialized, skipping
Refreshing native plugins compatible for Editor in 0.41 ms, found 2 plugins.
Preloading 0 native plugins for Editor in 0.00 ms.
Unloading 1420 Unused Serialized files (Serialized files now loaded: 0)
System memory in use before: 72.5 MB.
System memory in use after: 72.6 MB.

Unloading 13 unused Assets to reduce memory usage. Loaded Objects now: 1902.
Total: 1.822600 ms (FindLiveObjects: 0.141100 ms CreateObjectMapping: 0.044300 ms MarkObjects: 1.589600 ms  DeleteObjects: 0.046400 ms)

AssetImportWorkerClient::OnTransportError - code=2 error=End of file
