Using pre-set license
Built from '2020.3/staging' branch; Version is '2020.3.11f1 (99c7afb366b3) revision 10078127'; Using compiler version '192528614'; Build Type 'Release'
OS: 'Windows 10 Pro; OS build 19041.1052; Version 2004; 64bit' Language: 'ko' Physical Memory: 16322 MB
BatchMode: 1, IsHumanControllingUs: 0, StartBugReporterOnCrash: 0, Is64bit: 1, IsPro: 0

 COMMAND LINE ARGUMENTS:
C:\Program Files\Unity\2020.3.11f1\Editor\Unity.exe
-adb2
-batchMode
-noUpm
-name
AssetImportWorker0
-projectPath
C:/Users/가희/Desktop/GithubTest/BackJeongYoon/Unity_Team_Project
-logFile
Logs/AssetImportWorker0.log
-srvPort
51398
Successfully changed project path to: C:/Users/가희/Desktop/GithubTest/BackJeongYoon/Unity_Team_Project
C:/Users/가희/Desktop/GithubTest/BackJeongYoon/Unity_Team_Project
Using Asset Import Pipeline V2.
Refreshing native plugins compatible for Editor in 31.83 ms, found 2 plugins.
Preloading 0 native plugins for Editor in 0.00 ms.
Initialize engine version: 2020.3.11f1 (99c7afb366b3)
[Subsystems] Discovering subsystems at path C:/Program Files/Unity/2020.3.11f1/Editor/Data/Resources/UnitySubsystems
[Subsystems] Discovering subsystems at path C:/Users/가희/Desktop/GithubTest/BackJeongYoon/Unity_Team_Project/Assets
GfxDevice: creating device client; threaded=0
Direct3D:
    Version:  Direct3D 11.0 [level 11.1]
    Renderer: NVIDIA GeForce RTX 2060 (ID=0x1f08)
    Vendor:   
    VRAM:     5980 MB
    Driver:   27.21.14.5671
Initialize mono
Mono path[0] = 'C:/Program Files/Unity/2020.3.11f1/Editor/Data/Managed'
Mono path[1] = 'C:/Program Files/Unity/2020.3.11f1/Editor/Data/MonoBleedingEdge/lib/mono/unityjit'
Mono config path = 'C:/Program Files/Unity/2020.3.11f1/Editor/Data/MonoBleedingEdge/etc'
Using monoOptions --debugger-agent=transport=dt_socket,embedding=1,server=y,suspend=n,address=127.0.0.1:56976
Begin MonoManager ReloadAssembly
Registering precompiled unity dll's ...
Register platform support module: C:/Program Files/Unity/2020.3.11f1/Editor/Data/PlaybackEngines/WindowsStandaloneSupport/UnityEditor.WindowsStandalone.Extensions.dll
Registered in 0.002599 seconds.
Native extension for WindowsStandalone target not found
Refreshing native plugins compatible for Editor in 33.03 ms, found 2 plugins.
Preloading 0 native plugins for Editor in 0.00 ms.
Mono: successfully reloaded assembly
- Completed reload, in  3.326 seconds
Platform modules already initialized, skipping
Registering precompiled user dll's ...
Registered in 0.004163 seconds.
Begin MonoManager ReloadAssembly
Native extension for WindowsStandalone target not found
Refreshing native plugins compatible for Editor in 0.27 ms, found 2 plugins.
Preloading 0 native plugins for Editor in 0.00 ms.
Mono: successfully reloaded assembly
- Completed reload, in  1.801 seconds
Platform modules already initialized, skipping
========================================================================
Worker process is ready to serve import requests
Launched and connected shader compiler UnityShaderCompiler.exe after 0.62 seconds
Refreshing native plugins compatible for Editor in 0.27 ms, found 2 plugins.
Preloading 0 native plugins for Editor in 0.00 ms.
Unloading 1386 Unused Serialized files (Serialized files now loaded: 0)
System memory in use before: 67.1 MB.
System memory in use after: 67.1 MB.

Unloading 15 unused Assets to reduce memory usage. Loaded Objects now: 1825.
Total: 1.704700 ms (FindLiveObjects: 0.153200 ms CreateObjectMapping: 0.047200 ms MarkObjects: 1.446400 ms  DeleteObjects: 0.056700 ms)

========================================================================
Received Import Request.
  path: Assets/MemoScr.cs
  artifactKey: Guid(0d0a000dbfd2ebc43bbdc917d846b692) Importer(815301076,1909f56bfc062723c751e8b465ee728b)
Start importing Assets/MemoScr.cs using Guid(0d0a000dbfd2ebc43bbdc917d846b692) Importer(815301076,1909f56bfc062723c751e8b465ee728b)  -> (artifact id: '57cb45ff76a412718d325a0835f5ecee') in 0.543502 seconds
  Import took 0.547770 seconds .

========================================================================
Received Import Request.
  Time since last request: 13.915695 seconds.
  path: Assets/MemoScr.cs
  artifactKey: Guid(0d0a000dbfd2ebc43bbdc917d846b692) Importer(815301076,1909f56bfc062723c751e8b465ee728b)
Start importing Assets/MemoScr.cs using Guid(0d0a000dbfd2ebc43bbdc917d846b692) Importer(815301076,1909f56bfc062723c751e8b465ee728b)  -> (artifact id: '0f81859f2ba11df77fa7db258a73860d') in 0.041322 seconds
  Import took 0.054631 seconds .

AssetImportWorkerClient::OnTransportError - code=2 error=End of file
